[0m[[0m[0mdebug[0m] [0m[0mjavaOptions: Vector()[0m
[0m[[0m[0mdebug[0m] [0m[0mForking tests - parallelism = false[0m
[0m[[0m[0mdebug[0m] [0m[0mCreate a single-thread test executor[0m
[0m[[0m[0mdebug[0m] [0m[0mRunner for org.scalatest.tools.Framework produced 2 initial tasks for 2 tests.[0m
[0m[[0m[0mdebug[0m] [0m[0m  Running TaskDef(controllers.HomeControllerSpec, sbt.ForkMain$SubclassFingerscan@2103ab06, false, [SuiteSelector])[0m
[0m[[0m[0minfo[0m] [0m[0m[32mHomeControllerSpec:[0m[0m
[0m[[0m[0minfo[0m] [0m[0m[32mHomeController GET[0m[0m
[0m[[0m[0minfo[0m] [0m[0m[31m- should render the index page from a new instance of controller *** FAILED ***[0m[0m
[0m[[0m[0minfo[0m] [0m[0m[31m  None was not equal to Some("text/html") (HomeControllerSpec.scala:27)[0m[0m
[0m[[0m[0minfo[0m] [0m[0m[31m- should render the index page from the application *** FAILED ***[0m[0m
[0m[[0m[0minfo[0m] [0m[0m[31m  None was not equal to Some("text/html") (HomeControllerSpec.scala:36)[0m[0m
[0m[[0m[0minfo[0m] [0m[0m[31m- should render the index page from the router *** FAILED ***[0m[0m
[0m[[0m[0minfo[0m] [0m[0m[31m  400 was not equal to 200 (HomeControllerSpec.scala:44)[0m[0m
[0m[[0m[0mdebug[0m] [0m[0m    Produced 0 nested tasks and 3 events.[0m
[0m[[0m[0mdebug[0m] [0m[0m  Running TaskDef(controllers.ApplicationControllerSpec, sbt.ForkMain$SubclassFingerscan@40f61500, false, [SuiteSelector])[0m
[0m[[0m[0minfo[0m] [0m[0m[32mApplicationControllerSpec:[0m[0m
[0m[[0m[0minfo[0m] [0m[0m[32mApplicationController .index[0m[0m
[0m[[0m[0minfo[0m] [0m[0m[32m- should return OK[0m[0m
[0m[[0m[0minfo[0m] [0m[0m[32m- should load the main page[0m[0m
[0m[[0m[0minfo[0m] [0m[0m[32mApplicationController .create[0m[0m
[0m[[0m[0minfo[0m] [0m[0m[32m- should create a book in the database[0m[0m
[0m[[0m[0minfo[0m] [0m[0m[32m- should return an error when a book already exists[0m[0m
[0m[[0m[0minfo[0m] [0m[0m[32m- should validate a json body[0m[0m
[0m[[0m[0minfo[0m] [0m[0m[32m- should return an error for invalid json[0m[0m
[0m[[0m[0minfo[0m] [0m[0m[32mApplicationController .find[0m[0m
[0m[[0m[0minfo[0m] [0m[0m[32m- should find a book in the database by id[0m[0m
[0m[[0m[0minfo[0m] [0m[0m[32m- should find a book in the database by book[0m[0m
[0m[[0m[0minfo[0m] [0m[0m[32m- should find all books by author's lastname[0m[0m
[0m[[0m[0minfo[0m] [0m[0m[32m- should return an error when a book doesn't exist for a given id[0m[0m
[0m[[0m[0minfo[0m] [0m[0m[32mApplicationController .update[0m[0m
[0m[[0m[0minfo[0m] [0m[0m[32m- should update a book's name by their id[0m[0m
[0m[[0m[0minfo[0m] [0m[0m[32m- should return an error when an id doesn't exist[0m[0m
[0m[[0m[0minfo[0m] [0m[0m[32m- should return an error when a key doesn't exist[0m[0m
[0m[[0m[0minfo[0m] [0m[0m[32m- should update the number of copies available[0m[0m
[0m[[0m[0minfo[0m] [0m[0m[32mApplicationController .upsert[0m[0m
[0m[[0m[0minfo[0m] [0m[0m[32m- should update an existing book[0m[0m
[0m[[0m[0minfo[0m] [0m[0m[32m- should create a book when one doesn't exist in[0m[0m
[0m[[0m[0minfo[0m] [0m[0m[32m- should return an error for incorrect json[0m[0m
[0m[[0m[0minfo[0m] [0m[0m[32mApplicationController .delete[0m[0m
[0m[[0m[0minfo[0m] [0m[0m[32m- should delete a book by id[0m[0m
[0m[[0m[0minfo[0m] [0m[0m[32m- should give an error when no id exists[0m[0m
[0m[[0m[0minfo[0m] [0m[0m[32mApplicationController .deleteAll[0m[0m
[0m[[0m[0minfo[0m] [0m[0m[32m- should return an empty database[0m[0m
[0m[[0m[0minfo[0m] [0m[0m[32m- should Optional: return a message when the database was already empty?[0m[0m
[0m[[0m[0mdebug[0m] [0m[0m    Produced 0 nested tasks and 21 events.[0m
[0m[[0m[0mdebug[0m] [0m[0mRunner for com.novocode.junit.JUnitFramework produced 0 initial tasks for 0 tests.[0m
[0m[[0m[0minfo[0m] [0m[0mScalaTest[0m
[0m[[0m[0minfo[0m] [0m[0m[36mRun completed in 8 seconds, 789 milliseconds.[0m[0m
[0m[[0m[0minfo[0m] [0m[0m[36mTotal number of tests run: 24[0m[0m
[0m[[0m[0minfo[0m] [0m[0m[36mSuites: completed 2, aborted 0[0m[0m
[0m[[0m[0minfo[0m] [0m[0m[36mTests: succeeded 21, failed 3, canceled 0, ignored 0, pending 0[0m[0m
[0m[[0m[0minfo[0m] [0m[0m[31m*** 3 TESTS FAILED ***[0m[0m
[0m[[0m[0mdebug[0m] [0m[0mSummary for JUnit not available.[0m
[0m[[0m[31merror[0m] [0m[0mFailed: Total 24, Failed 3, Errors 0, Passed 21[0m
[0m[[0m[0mdebug[0m] [0m[0mPassed tests:[0m
[0m[[0m[0mdebug[0m] [0m[0m	controllers.ApplicationControllerSpec[0m
[0m[[0m[31merror[0m] [0m[0mFailed tests:[0m
[0m[[0m[31merror[0m] [0m[0m	controllers.HomeControllerSpec[0m
[0m[[0m[31merror[0m] [0m[0m(Test / [31mtest[0m) sbt.TestsFailedException: Tests unsuccessful[0m
